8061a79c:Patch_SceneBuildPages
8061e48c:Patch_SceneShowBasePages
8061fabc:Patch_MainMenuKind
8061fe50:Patch_SceneHasBackModel
80620060:Patch_SceneGetBGM
806202f0:Patch_SceneGetBGMGroup
808aee08:Patch_EventExplanationPage_Events
808aef0c:Patch_EventExplanationPage_vtable
80653c70:Patch_EventExplanationVolumeChange
80849804:Patch_HudWatchReplayCase
8084984c:Patch_QuitReplayCase
80848a3c:Patch_ChangeMissionCase
805bff9c:Patch_WiiWheelOnlyPage
805d9ad0:Patch_LicenseSelect
805d8f64:Patch_LicenseSelectOptions
805dbf70:Patch_LicenseSettingsBack
80610600:Patch_BGUnloadSoundFix
80845bfc:Patch_ControlKindCheck_RaceFinishReset
80844d7c:Patch_ControlKindCheck_onPause
80848284:Patch_ControlKindCheck_PauseUpdate
8051de68:Patch_SetupReplayInputCall
8050f844:Patch_ReplayRearview
805225e0:Patch_NoRandomFinishTime
807007f0:Patch_ResultMusic
8065aea4:Patch_Nwc24DlManager_init
8065ac30:Patch_Nwc24DlManager_CheckForCompetition
8065adbc:Patch_Nwc24DlManager_GetCompetitionText
806648a8:Patch_Nwc24DlManager_GetLdbTimeRank
80664cf0:Patch_Nwc24DlManager_InsertTimeInLdb
80664a14:Patch_Nwc24DlManager_GetLdbEntry
8084c43c:Patch_SaveTournamentGhost
801a1988:DCFlushRange
801a292c:OSReport
801ab004:OSSleepTicks
80011a94:sprintf
800119a0:snprintf
800212bc:strlen
80013304:strcmp
80006038:memset
8000f258:memmove
80005f34:memcpy
800214b8:__ptmf_scall
8002105c:__construct_array
80021154:__destroy_arr
800213a0:__register_global_object
800215f8:_savegpr_23
800215fc:_savegpr_24
80021600:_savegpr_25
80021604:_savegpr_26
80021608:_savegpr_27
8002160c:_savegpr_28
80021610:_savegpr_29
80021614:_savegpr_30
80021618:_savegpr_31
80021644:_restgpr_23
80021648:_restgpr_24
8002164c:_restgpr_25
80021650:_restgpr_26
80021654:_restgpr_27
80021658:_restgpr_28
8002165c:_restgpr_29
80021660:_restgpr_30
80021664:_restgpr_31
8022a140:__nw__FUl
8022a164:__nwa__FUl
8022a188:__dl__FPv
8022a254:__dla__FPv
8019b798:NANDCreate
8019cb5c:NANDOpen
8019cddc:NANDClose
8019bb00:NANDRead
8019bbe0:NANDWrite
8019bcc0:NANDSeek
8019c2a8:NANDGetLength
8019e768:NANDGetHomeDir
80193c54:IOS_Open
80193e34:IOS_Close
80193fdc:IOS_Read
801941e4:IOS_Write
801943cc:IOS_Seek
801945ec:IOS_Ioctl
8019493c:IOS_Ioctlv
80821a28:msgIdForCourse__Fi
805434bc:__ct__6RandomFv
80543590:__dt__6RandomFv
805435d0:next__6RandomFv
80543624:nextLimited__6RandomFi
809abd68:sInstance__7MenuSet
8051cd80:setupNextRaceInput__Q27MenuSet11RaceSettingFPCQ27MenuSet11RaceSetting
809abd88:sInstance__15SaveDataManager
8050a290:__ct__9GhostDataFv
8050a354:__dt__9GhostDataFv
8050aaa0:makeRKG__9GhostDataFPQ29GhostData7RKGFile
8050b100:compress__Q29GhostData7RKGFileFPQ29GhostData7RKGFile
8050b3a8:getFileSize__Q29GhostData7RKGFileCFv
80623e34:setNextScene__9RKContextFii
80623ec0:startSceneTransition__9RKContextFiUl
80611100:buildPage__Q22UI13UIPageManagerFl
80611198:showPageOnTop__Q22UI13UIPageManagerFl
805f08a8:toOut__Q22UI6UIPageFQ32UI6UIPage13TransitionDirf
809b0478:sInstance__9RKContext
80628da0:__ct__Q22UI15TitleScreenPageFv
809b0968:SceneBGMControllerInstance__2UI
806e7460:enableBGMPersist__Q22UI18SceneBGMControllerFv
805efd9c:__ct__Q22UI6UIPageFv
805f087c:initControlGroup__Q22UI6UIPageFi
805f088c:setControl__Q22UI6UIPageFiPQ22UI9UIControli
805efe80:init__Q22UI6UIPageFl
805dcf88:__ct__Q22UI14UIInputManagerFv
805dcfac:__dt__Q22UI14UIInputManagerFv
805dedc8:__ct__Q22UI18UIInputManagerMenuFv
805deff4:__dt__Q22UI18UIInputManagerMenuFv
805df1d4:setScreenWrapSetting__Q22UI18UIInputManagerMenuFi
805df1a4:configureInput__Q22UI18UIInputManagerMenuFQ22UI10InputIndexPQ22UI17FunctionBase<i,i>UcUc
805f0894:setInputManager__Q22UI6UIPageFPQ22UI14UIInputManager
8062ab38:getIndex__Q22UI22SomeAnimationContainerFi
8062ac34:doSomething__Q22UI13SomeAnimationFif
8062bbd8:__dt__Q22UI15LayoutUIControlFv
805b0c7c:__ct__Q22UI7CtrlResFPQ22UI15LayoutUIControl
805b0cc4:readFile__Q22UI7CtrlResFPCcPCcPCcPPCc
805ab400:__ct__Q22UI10PushButtonFv
805ab508:__dt__Q22UI10PushButtonFv
805ab570:readLayout__Q22UI10PushButtonFPCcPCcPCciib
805abb20:setSelectFunction__Q22UI10PushButtonFPQ22UI34FunctionBase<PQ22UI10PushButton,i>i
805abb38:setFreeToSelectFunction__Q22UI10PushButtonFPQ22UI34FunctionBase<PQ22UI10PushButton,i>
805abb48:setSelected__Q22UI10PushButtonFi
805abb9c:freeToSelect__Q22UI10PushButtonFi
805abfe0:getSelectDelay__Q22UI10PushButtonFv
806242bc:__ct__Q22UI18SheetSelectControlFv
80624474:__dt__Q22UI18SheetSelectControlFv
80624518:readLayout__Q22UI18SheetSelectControlFPCcPCcPCcPCcPCciib
8062465c:setEnabledArrows__Q22UI18SheetSelectControlFbb
805efe24:__dt__Q22UI6UIPageFv
805a92b4:_C__Q22UI6UIPageFv
805a92d0:getNextPageID__Q22UI6UIPageFv
805a92ac:_14__Q22UI6UIPageFv
805a92a4:_18__Q22UI6UIPageFv
805f08d0:toNextScene__Q22UI6UIPageFiQ32UI6UIPage13TransitionDirf
805f0950:_20__Q22UI6UIPageFv
805f09d0:insertPage__Q22UI6UIPageFiQ32UI6UIPage13TransitionDir
805efef8:onInit__Q22UI6UIPageFv
805a92a0:onDeinit__Q22UI6UIPageFv
805b78ec:onIn__Q22UI6UIPageFv
805a929c:onOut__Q22UI6UIPageFv
805a9298:_38__Q22UI6UIPageFv
805a9294:_3C__Q22UI6UIPageFv
805a9290:_40__Q22UI6UIPageFv
805a928c:_44__Q22UI6UIPageFv
805a9288:onUpdateBegin__Q22UI6UIPageFv
805ad330:onUpdateEnd__Q22UI6UIPageFv
805a9284:onCalc__Q22UI6UIPageFv
805a9280:onChildPageOut__Q22UI6UIPageFv
805a927c:_58__Q22UI6UIPageFv
805a9278:_5C__Q22UI6UIPageFv
805acdc0:getRuntimeTypeInfo__Q22UI6UIPageFv
809b0350:typeInfo__Q22UI6UIPage
8062b184:__ct__Q22UI9UIControlFv
8062bab0:__ct__Q22UI15LayoutUIControlFv
8062bfd4:setMessage__Q22UI15LayoutUIControlFPCciPQ32UI7MesgRes11FormatParam
8062c0cc:setMessage__Q22UI15LayoutUIControlFiPQ32UI7MesgRes11FormatParam
8062c408:setTexture__Q22UI15LayoutUIControlFPCcPCc
808c1be4:__vt__Q22UI18CtrlMenuBackButton
807d783c:initLayout__Q22UI21CtrlMenuPageTitleTextFi
808c1b6c:__vt__Q22UI21CtrlMenuPageTitleText
80847064:__ct__Q22UI12RaceMenuPageFv
80612f30:__dt__Q22UI12RaceMenuPageFv
8062080c:getNextPageID__Q22UI12RaceMenuPageFv
80847120:onInit__Q22UI12RaceMenuPageFv
80848364:onDeinit__Q22UI12RaceMenuPageFv
80847dec:onIn__Q22UI12RaceMenuPageFv
80848360:onOut__Q22UI12RaceMenuPageFv
808482f0:_38__Q22UI12RaceMenuPageFv
808482f4:_40__Q22UI12RaceMenuPageFv
80848258:onUpdateEnd__Q22UI12RaceMenuPageFv
8084a118:getRuntimeTypeInfo__Q22UI12RaceMenuPageFv
809b2cc8:typeInfo__Q22UI12RaceMenuPage
80620804:setNextPageID__Q22UI12RaceMenuPageFi
808c8ba8:__vt__Q22UI11RaceHudPage
8089caf4:__vt__Q32UI11RaceHudPage13UnknownMember
80612b5c:__dt__Q22UI11RaceHudPageFv
805dd660:__ct__Q22UI18UIInputManagerRaceFv
809b2c80:typeInfo__Q22UI11RaceHudPage
80621908:getNextPageID__Q22UI11RaceHudPageFv
80846df4:_20__Q22UI11RaceHudPageFv
80844638:onInit__Q22UI11RaceHudPageFv
80846de4:onDeinit__Q22UI11RaceHudPageFv
80846dd8:onOut__Q22UI11RaceHudPageFv
808450ac:onUpdateBegin__Q22UI11RaceHudPageFv
80845878:onUpdateEnd__Q22UI11RaceHudPageFv
8062213c:_6C__Q22UI11RaceHudPageFv
80844d7c:onPause__Q22UI11RaceHudPageFv
80845694:isRaceEnded__Q22UI11RaceHudPageFi
8084576c:_78__Q22UI11RaceHudPageFv
808456ec:_7C__Q22UI11RaceHudPageFv
80640914:configMessage__Q22UI23MessageConfirmPopupPageFiPQ32UI7MesgRes11FormatParam
8064091c:configOption__Q22UI23MessageConfirmPopupPageFiiPQ32UI7MesgRes11FormatParamiPQ22UI64FunctionBase<PQ22UI23MessageConfirmPopupPage,PQ22UI10PushButton>
809b0574:typeInfo__Q22UI23MessageConfirmPopupPage
805e7a40:setTitleText__Q22UI25MessageWindowNoButtonPageFiPQ32UI7MesgRes11FormatParam
805e7a48:setWindowText__Q22UI25MessageWindowNoButtonPageFiPQ32UI7MesgRes11FormatParam
809b02f8:typeInfo__Q22UI25MessageWindowNoButtonPage
809b033c:typeInfo__Q22UI27OptionMessageBoxManagerPage
809b0334:typeInfo__Q22UI26OptionMessageBoxPromptPage
805e70a8:getIndexFromMid__Q22UI7MesgResCFi
805e7110:getTextFromIndex__Q22UI7MesgResCFi
802431c8:__ct__Q23EGG10TaskThreadFiiUl
80243048:__dt__Q23EGG10TaskThreadFv
80242c5c:create__Q23EGG10TaskThreadFiiUlPQ23EGG4Heap
80242f8c:request__Q23EGG10TaskThreadFPFPv_vPvPv
8024300c:isTaskExist__Q23EGG10TaskThreadCFv
802226d0:__ct__Q23EGG7DvdFileFv
80222714:__dt__Q23EGG7DvdFileFv
8022285c:open__Q23EGG7DvdFileFPCc
80222910:readData__Q23EGG7DvdFileFPvll
80222a44:getFileSize__Q23EGG7DvdFileCFv
803738f8:diResNameStr
