8062c3a4:Patch_SceneBuildPages
80630094:Patch_SceneShowBasePages
806316c4:Patch_MainMenuKind
80631a58:Patch_SceneHasBackModel
80631c68:Patch_SceneGetBGM
80631ef8:Patch_SceneGetBGMGroup
808c0998:Patch_EventExplanationPage_Events
808c0a9c:Patch_EventExplanationPage_vtable
80665958:Patch_EventExplanationVolumeChange
8085b444:Patch_HudWatchReplayCase
8085b48c:Patch_QuitReplayCase
8085a67c:Patch_ChangeMissionCase
805d1e00:Patch_WiiWheelOnlyPage
805eb934:Patch_LicenseSelect
805eadc8:Patch_LicenseSelectOptions
805eddd4:Patch_LicenseSettingsBack
80622208:Patch_BGUnloadSoundFix
8085783c:Patch_ControlKindCheck_RaceFinishReset
808569bc:Patch_ControlKindCheck_onPause
80859ec4:Patch_ControlKindCheck_PauseUpdate
8052fe10:Patch_SetupReplayInputCall
80521820:Patch_ReplayRearview
80534588:Patch_NoRandomFinishTime
80712448:Patch_ResultMusic
8066cb4c:Patch_Nwc24DlManager_init
8066c8d8:Patch_Nwc24DlManager_CheckForCompetition
8066ca64:Patch_Nwc24DlManager_GetCompetitionText
80676548:Patch_Nwc24DlManager_GetLdbTimeRank
80676990:Patch_Nwc24DlManager_InsertTimeInLdb
806766b4:Patch_Nwc24DlManager_GetLdbEntry
8085e07c:Patch_SaveTournamentGhost
801a162c:DCFlushRange
801a25d0:OSReport
801aaca8:OSSleepTicks
80011a2c:sprintf
80011938:snprintf
80021254:strlen
8001329c:strcmp
80006038:memset
8000f1f0:memmove
80005f34:memcpy
80021450:__ptmf_scall
80020ff4:__construct_array
800210ec:__destroy_arr
80021338:__register_global_object
80021590:_savegpr_23
80021594:_savegpr_24
80021598:_savegpr_25
8002159c:_savegpr_26
800215a0:_savegpr_27
800215a4:_savegpr_28
800215a8:_savegpr_29
800215ac:_savegpr_30
800215b0:_savegpr_31
800215dc:_restgpr_23
800215e0:_restgpr_24
800215e4:_restgpr_25
800215e8:_restgpr_26
800215ec:_restgpr_27
800215f0:_restgpr_28
800215f4:_restgpr_29
800215f8:_restgpr_30
800215fc:_restgpr_31
80229dcc:__nw__FUl
80229df0:__nwa__FUl
80229e14:__dl__FPv
80229ee0:__dla__FPv
8019b43c:NANDCreate
8019c800:NANDOpen
8019ca80:NANDClose
8019b7a4:NANDRead
8019b884:NANDWrite
8019b964:NANDSeek
8019bf4c:NANDGetLength
8019e40c:NANDGetHomeDir
801938f8:IOS_Open
80193ad8:IOS_Close
80193c80:IOS_Read
80193e88:IOS_Write
80194070:IOS_Seek
80194290:IOS_Ioctl
801945e0:IOS_Ioctlv
80833668:msgIdForCourse__Fi
80555464:__ct__6RandomFv
80555538:__dt__6RandomFv
80555578:next__6RandomFv
805555cc:nextLimited__6RandomFi
809bd728:sInstance__7MenuSet
8052ed28:setupNextRaceInput__Q27MenuSet11RaceSettingFPCQ27MenuSet11RaceSetting
809bd748:sInstance__15SaveDataManager
8051c270:__ct__9GhostDataFv
8051c334:__dt__9GhostDataFv
8051ca80:makeRKG__9GhostDataFPQ29GhostData7RKGFile
8051d0e0:compress__Q29GhostData7RKGFileFPQ29GhostData7RKGFile
8051d388:getFileSize__Q29GhostData7RKGFileCFv
80635a3c:setNextScene__9RKContextFii
80635ac8:startSceneTransition__9RKContextFiUl
80622d08:buildPage__Q22UI13UIPageManagerFl
80622da0:showPageOnTop__Q22UI13UIPageManagerFl
80602488:toOut__Q22UI6UIPageFQ32UI6UIPage13TransitionDirf
809c1e38:sInstance__9RKContext
8063aa08:__ct__Q22UI15TitleScreenPageFv
809c2328:SceneBGMControllerInstance__2UI
806f90b8:enableBGMPersist__Q22UI18SceneBGMControllerFv
8060197c:__ct__Q22UI6UIPageFv
8060245c:initControlGroup__Q22UI6UIPageFi
8060246c:setControl__Q22UI6UIPageFiPQ22UI9UIControli
80601a60:init__Q22UI6UIPageFl
805eeb68:__ct__Q22UI14UIInputManagerFv
805eeb8c:__dt__Q22UI14UIInputManagerFv
805f09a8:__ct__Q22UI18UIInputManagerMenuFv
805f0bd4:__dt__Q22UI18UIInputManagerMenuFv
805f0db4:setScreenWrapSetting__Q22UI18UIInputManagerMenuFi
805f0d84:configureInput__Q22UI18UIInputManagerMenuFQ22UI10InputIndexPQ22UI17FunctionBase<i,i>UcUc
80602474:setInputManager__Q22UI6UIPageFPQ22UI14UIInputManager
8063c820:getIndex__Q22UI22SomeAnimationContainerFi
8063c91c:doSomething__Q22UI13SomeAnimationFif
8063d8c0:__dt__Q22UI15LayoutUIControlFv
805c2c18:__ct__Q22UI7CtrlResFPQ22UI15LayoutUIControl
805c2c60:readFile__Q22UI7CtrlResFPCcPCcPCcPPCc
805bd3a8:__ct__Q22UI10PushButtonFv
805bd4b0:__dt__Q22UI10PushButtonFv
805bd518:readLayout__Q22UI10PushButtonFPCcPCcPCciib
805bdac8:setSelectFunction__Q22UI10PushButtonFPQ22UI34FunctionBase<PQ22UI10PushButton,i>i
805bdae0:setFreeToSelectFunction__Q22UI10PushButtonFPQ22UI34FunctionBase<PQ22UI10PushButton,i>
805bdaf0:setSelected__Q22UI10PushButtonFi
805bdb44:freeToSelect__Q22UI10PushButtonFi
805bdf88:getSelectDelay__Q22UI10PushButtonFv
80635ec4:__ct__Q22UI18SheetSelectControlFv
8063607c:__dt__Q22UI18SheetSelectControlFv
80636120:readLayout__Q22UI18SheetSelectControlFPCcPCcPCcPCcPCciib
80636264:setEnabledArrows__Q22UI18SheetSelectControlFbb
80601a04:__dt__Q22UI6UIPageFv
805bb25c:_C__Q22UI6UIPageFv
805bb278:getNextPageID__Q22UI6UIPageFv
805bb254:_14__Q22UI6UIPageFv
805bb24c:_18__Q22UI6UIPageFv
806024b0:toNextScene__Q22UI6UIPageFiQ32UI6UIPage13TransitionDirf
80602530:_20__Q22UI6UIPageFv
806025b0:insertPage__Q22UI6UIPageFii
80601ad8:onInit__Q22UI6UIPageFv
805bb248:onDeinit__Q22UI6UIPageFv
805c9888:onIn__Q22UI6UIPageFv
805bb244:onOut__Q22UI6UIPageFv
805bb240:_38__Q22UI6UIPageFv
805bb23c:_3C__Q22UI6UIPageFv
805bb238:_40__Q22UI6UIPageFv
805bb234:_44__Q22UI6UIPageFv
805bb230:onUpdateBegin__Q22UI6UIPageFv
805bf2d8:onUpdateEnd__Q22UI6UIPageFv
805bb22c:onCalc__Q22UI6UIPageFv
805bb228:onChildPageOut__Q22UI6UIPageFv
805bb224:_58__Q22UI6UIPageFv
805bb220:_5C__Q22UI6UIPageFv
805bed68:getRuntimeTypeInfo__Q22UI6UIPageFv
809c1d10:typeInfo__Q22UI6UIPage
8063ce6c:__ct__Q22UI9UIControlFv
8063d798:__ct__Q22UI15LayoutUIControlFv
8063dcbc:setMessage__Q22UI15LayoutUIControlFPCciPQ32UI7MesgRes11FormatParam
8063ddb4:setMessage__Q22UI15LayoutUIControlFiPQ32UI7MesgRes11FormatParam
8063e0f0:setTexture__Q22UI15LayoutUIControlFPCcPCc
808d374c:__vt__Q22UI18CtrlMenuBackButton
807e947c:initLayout__Q22UI21CtrlMenuPageTitleTextFi
808d36d4:__vt__Q22UI21CtrlMenuPageTitleText
80858ca4:__ct__Q22UI12RaceMenuPageFv
80624b38:__dt__Q22UI12RaceMenuPageFv
80632414:getNextPageID__Q22UI12RaceMenuPageFv
80858d60:onInit__Q22UI12RaceMenuPageFv
80859fa4:onDeinit__Q22UI12RaceMenuPageFv
80859a2c:onIn__Q22UI12RaceMenuPageFv
80859fa0:onOut__Q22UI12RaceMenuPageFv
80859f30:_38__Q22UI12RaceMenuPageFv
80859f34:_40__Q22UI12RaceMenuPageFv
80859e98:onUpdateEnd__Q22UI12RaceMenuPageFv
8085bd58:getRuntimeTypeInfo__Q22UI12RaceMenuPageFv
809c4688:typeInfo__Q22UI12RaceMenuPage
8063240c:setNextPageID__Q22UI12RaceMenuPageFi
808d4250:__vt__Q22UI11RaceHudPage
808ae694:__vt__Q32UI11RaceHudPage13UnknownMember
80624764:__dt__Q22UI11RaceHudPageFv
805ef240:__ct__Q22UI18UIInputManagerRaceFv
809c4640:typeInfo__Q22UI11RaceHudPage
80633510:getNextPageID__Q22UI11RaceHudPageFv
80858a34:_20__Q22UI11RaceHudPageFv
80856278:onInit__Q22UI11RaceHudPageFv
80858a24:onDeinit__Q22UI11RaceHudPageFv
80858a18:onOut__Q22UI11RaceHudPageFv
80856cec:onUpdateBegin__Q22UI11RaceHudPageFv
808574b8:onUpdateEnd__Q22UI11RaceHudPageFv
80633d44:_6C__Q22UI11RaceHudPageFv
808569bc:onPause__Q22UI11RaceHudPageFv
808572d4:isRaceEnded__Q22UI11RaceHudPageFi
808573ac:_78__Q22UI11RaceHudPageFv
8085732c:_7C__Q22UI11RaceHudPageFv
806525fc:configMessage__Q22UI23MessageConfirmPopupPageFiPQ32UI7MesgRes11FormatParam
80652604:configOption__Q22UI23MessageConfirmPopupPageFiiPQ32UI7MesgRes11FormatParamiPQ22UI64FunctionBase<PQ22UI23MessageConfirmPopupPage,PQ22UI10PushButton>
809c1f34:typeInfo__Q22UI23MessageConfirmPopupPage
805f9620:setTitleText__Q22UI25MessageWindowNoButtonPageFiPQ32UI7MesgRes11FormatParam
805f9628:setWindowText__Q22UI25MessageWindowNoButtonPageFiPQ32UI7MesgRes11FormatParam
809c1cb8:typeInfo__Q22UI25MessageWindowNoButtonPage
809c1cfc:typeInfo__Q22UI27OptionMessageBoxManagerPage
809c1cf4:typeInfo__Q22UI26OptionMessageBoxPromptPage
805f8c88:getIndexFromMid__Q22UI7MesgResCFi
805f8cf0:getTextFromIndex__Q22UI7MesgResCFi
80242e54:__ct__Q23EGG10TaskThreadFiiUl
80242cd4:__dt__Q23EGG10TaskThreadFv
802428e8:create__Q23EGG10TaskThreadFiiUlPQ23EGG4Heap
80242c18:request__Q23EGG10TaskThreadFPFPv_vPvPv
80242c98:isTaskExist__Q23EGG10TaskThreadCFv
8022235c:__ct__Q23EGG7DvdFileFv
802223a0:__dt__Q23EGG7DvdFileFv
802224e8:open__Q23EGG7DvdFileFPCc
8022259c:readData__Q23EGG7DvdFileFPvll
802226d0:getFileSize__Q23EGG7DvdFileCFv
803858f0:diResNameStr
